c:\users\justi\desktop\calculator\calculator\x64\debug\calculator.pch
c:\users\justi\desktop\calculator\calculator\x64\debug\vc143.pdb
c:\users\justi\desktop\calculator\calculator\x64\debug\vc143.idb
c:\users\justi\desktop\calculator\calculator\x64\debug\pch.obj
c:\users\justi\desktop\calculator\calculator\x64\debug\cmenudlg.obj
c:\users\justi\desktop\calculator\calculator\x64\debug\calculatordlg.obj
c:\users\justi\desktop\calculator\calculator\x64\debug\calculator.obj
c:\users\justi\desktop\calculator\calculator\x64\debug\calculator.ilk
c:\users\justi\desktop\calculator\x64\debug\calculator.exe
c:\users\justi\desktop\calculator\x64\debug\calculator.pdb
c:\users\justi\desktop\calculator\calculator\x64\debug\calculator.res
c:\users\justi\desktop\calculator\calculator\x64\debug\calculator.tlog\cl.command.1.tlog
c:\users\justi\desktop\calculator\calculator\x64\debug\calculator.tlog\cl.read.1.tlog
c:\users\justi\desktop\calculator\calculator\x64\debug\calculator.tlog\cl.write.1.tlog
c:\users\justi\desktop\calculator\calculator\x64\debug\calculator.tlog\link.command.1.tlog
c:\users\justi\desktop\calculator\calculator\x64\debug\calculator.tlog\link.read.1.tlog
c:\users\justi\desktop\calculator\calculator\x64\debug\calculator.tlog\link.write.1.tlog
c:\users\justi\desktop\calculator\calculator\x64\debug\calculator.tlog\rc.command.1.tlog
c:\users\justi\desktop\calculator\calculator\x64\debug\calculator.tlog\rc.read.1.tlog
c:\users\justi\desktop\calculator\calculator\x64\debug\calculator.tlog\rc.write.1.tlog
