c:\users\justi\desktop\files\visualstudio\calculator\calculator\debug\calculator.pch
c:\users\justi\desktop\files\visualstudio\calculator\calculator\debug\vc142.pdb
c:\users\justi\desktop\files\visualstudio\calculator\calculator\debug\vc142.idb
c:\users\justi\desktop\files\visualstudio\calculator\calculator\debug\pch.obj
c:\users\justi\desktop\files\visualstudio\calculator\calculator\debug\calculatordlg.obj
c:\users\justi\desktop\files\visualstudio\calculator\calculator\debug\calculator.obj
c:\users\justi\desktop\files\visualstudio\calculator\calculator\debug\cmenudlg.obj
c:\users\justi\desktop\files\visualstudio\calculator\debug\calculator.exe
c:\users\justi\desktop\files\visualstudio\calculator\calculator\debug\calculator.ilk
c:\users\justi\desktop\files\visualstudio\calculator\debug\calculator.pdb
c:\users\justi\desktop\files\visualstudio\calculator\calculator\debug\calculator.res
c:\users\justi\desktop\files\visualstudio\calculator\calculator\debug\calculator.tlog\cl.command.1.tlog
c:\users\justi\desktop\files\visualstudio\calculator\calculator\debug\calculator.tlog\cl.read.1.tlog
c:\users\justi\desktop\files\visualstudio\calculator\calculator\debug\calculator.tlog\cl.write.1.tlog
c:\users\justi\desktop\files\visualstudio\calculator\calculator\debug\calculator.tlog\link.command.1.tlog
c:\users\justi\desktop\files\visualstudio\calculator\calculator\debug\calculator.tlog\link.read.1.tlog
c:\users\justi\desktop\files\visualstudio\calculator\calculator\debug\calculator.tlog\link.write.1.tlog
c:\users\justi\desktop\files\visualstudio\calculator\calculator\debug\calculator.tlog\rc.command.1.tlog
c:\users\justi\desktop\files\visualstudio\calculator\calculator\debug\calculator.tlog\rc.read.1.tlog
c:\users\justi\desktop\files\visualstudio\calculator\calculator\debug\calculator.tlog\rc.write.1.tlog
